INFO: Вызов функции с аргументами: 1123
INFO: Вызов функции с аргументами: 1123
INFO: Calling a function with arguments: 1123
INFO: Calling a function with arguments: ['USD', 'EUR', 'GBP', 'NNZ']url: https://www.cbr-xml-daily.ru1/daily_json.js
ERROR: The API is unavailable: HTTPSConnectionPool(host='www.cbr-xml-daily.ru1', port=443): Max retries exceeded with url: /daily_json.js (Caused by NameResolutionError("<urllib3.connection.HTTPSConnection object at 0x00000256ACC259A0>: Failed to resolve 'www.cbr-xml-daily.ru1' ([Errno 11001] getaddrinfo failed)"))
INFO: Calling a function with arguments: ['USD', 'EUR', 'GBP', 'NNZ']url: https://www.cbr-xml-daily.ru/daily_json.js
INFO: The function is executed with the result: USD: 76.9708 EUR: 89.9011 GBP: 102.6098 NNZ: Код валюты 'NNZ' не найден.
INFO: Calling a function with arguments: ['USD', 'EUR', 'GBP', 'NNZ']url: https://www.cbr-xml-daily.ru/daily_json.js
INFO: The function is executed with the result: USD: 76.9708 EUR: 89.9011 GBP: 102.6098 NNZ: Код валюты 'NNZ' не найден.
INFO: Calling a function with arguments: ['USD', 'EUR', 'GBP', 'NNZ']url: https://www.cbr-xml-daily.ru/daily_json.js
INFO: The function is executed with the result: USD: 76.8084 EUR: 89.4267 GBP: 102.2473 NNZ: Код валюты 'NNZ' не найден.
INFO: Calling a function with arguments: ['USD', 'EUR', 'GBP', 'NNZ']url: https://www.cbr-xml-daily.ru/daily_json.js
INFO: The function is executed with the result: USD: 76.8084 EUR: 89.4267 GBP: 102.2473 NNZ: Код валюты 'NNZ' не найден.
INFO: Calling a function with arguments: ['USD']
ERROR: The API is unavailable: Connection failed
INFO: Calling a function with arguments: ['USD', 'XYZ', 'EUR']
INFO: The function is executed with the result: USD: 75.5 XYZ: Код валюты 'XYZ' не найден. EUR: 85.3
INFO: Calling a function with arguments: ['USD', 'EUR', 'GBP']
INFO: The function is executed with the result: USD: 75.5 EUR: 85.3 GBP: 95.7
INFO: Calling a function with arguments: ['USD']url: invalid_url
ERROR: Error when requesting the API: Invalid URL 'invalid_url': No scheme supplied. Perhaps you meant https://invalid_url?
INFO: Calling a function with arguments: ['USD']
INFO: The function is executed with the result: 
INFO: Calling a function with arguments: 
ERROR: The API is unavailable: API unavailable
INFO: Calling a function with arguments: 4
INFO: Calling a function with arguments: ['USD', 'EUR', 'GBP', 'NNZ']url: https://www.cbr-xml-daily.ru/daily_json.js
INFO: The function is executed with the result: USD: 76.8084 EUR: 89.4267 GBP: 102.2473 NNZ: Код валюты 'NNZ' не найден.
INFO: Calling a function with arguments: ['USD']
ERROR: The API is unavailable: Connection failed
INFO: Calling a function with arguments: ['USD', 'XYZ', 'EUR']
INFO: The function is executed with the result: USD: 75.5 XYZ: Код валюты 'XYZ' не найден. EUR: 85.3
INFO: Calling a function with arguments: ['USD', 'EUR', 'GBP']
INFO: The function is executed with the result: USD: 75.5 EUR: 85.3 GBP: 95.7
INFO: Calling a function with arguments: ['USD']url: invalid_url
ERROR: Error when requesting the API: Invalid URL 'invalid_url': No scheme supplied. Perhaps you meant https://invalid_url?
INFO: Calling a function with arguments: ['USD']
INFO: The function is executed with the result: 
INFO: Calling a function with arguments: ['USD']
INFO: The function is executed with the result: USD: 75.5
INFO: Calling a function with arguments: 
ERROR: The API is unavailable: API unavailable
INFO: Calling a function with arguments: 4
INFO: Calling a function with arguments: ['USD', 'EUR', 'GBP', 'NNZ']url: https://www.cbr-xml-daily.ru/daily_json.js
INFO: The function is executed with the result: USD: 76.8084 EUR: 89.4267 GBP: 102.2473 NNZ: Код валюты 'NNZ' не найден.
INFO: Calling a function with arguments: ['USD', 'EUR', 'GBP', 'NNZ']url: https://www.cbr-xml-daily.ru/daily_json.js
INFO: The function is executed with the result: USD: 76.8084 EUR: 89.4267 GBP: 102.2473 NNZ: Код валюты 'NNZ' не найден.
INFO: Calling a function with arguments: ['USD', 'EUR', 'GBP', 'NNZ']url: https://www.cbr-xml-daily.ru/daily_json.js
INFO: The function is executed with the result: USD: 76.8084 EUR: 89.4267 GBP: 102.2473 NNZ: Код валюты 'NNZ' не найден.
INFO: Calling a function with arguments: ['USD', 'EUR', 'GBP', 'NNZ']url: https://www.cbr-xml-daily.ru/daily_json.js
INFO: The function is executed with the result: USD: 76.8084 EUR: 89.4267 GBP: 102.2473 NNZ: Код валюты 'NNZ' не найден.
INFO: Calling a function with arguments: ['USD', 'EUR', 'GBP', 'NNZ'] url: https://www.cbr-xml-daily.ru/daily_json.js
INFO: The function is executed with the result: USD: 76.8084 EUR: 89.4267 GBP: 102.2473 NNZ: Код валюты 'NNZ' не найден.
INFO: Calling a function with arguments: ['USD', 'EUR', 'GBP', 'NNZ'] url=https://www.cbr-xml-daily.ru/daily_json.js
INFO: The function is executed with the result: USD=76.8084 EUR=89.4267 GBP=102.2473 NNZ=Код валюты 'NNZ' не найден.
INFO: Calling a function with arguments: ['USD', 'EUR', 'GBP', 'NNZ'] url=https://www.cbr-xml-daily.ru/daily_json.js
INFO: The function is executed with the result: USD=76.8084 EUR=89.4267 GBP=102.2473 NNZ=Код валюты 'NNZ' не найден.
INFO: Calling a function with arguments: ['USD'] 
ERROR: The API is unavailable: Connection failed
INFO: Calling a function with arguments: ['USD', 'XYZ', 'EUR'] 
INFO: The function is executed with the result: USD=75.5 XYZ=Код валюты 'XYZ' не найден. EUR=85.3
INFO: Calling a function with arguments: ['USD', 'EUR', 'GBP'] 
INFO: The function is executed with the result: USD=75.5 EUR=85.3 GBP=95.7
INFO: Calling a function with arguments: ['USD'] url=invalid_url
ERROR: Error when requesting the API: Invalid URL 'invalid_url': No scheme supplied. Perhaps you meant https://invalid_url?
INFO: Calling a function with arguments: ['USD'] 
INFO: The function is executed with the result: 
INFO: Calling a function with arguments: ['USD'] 
INFO: The function is executed with the result: USD=75.5
INFO: Calling a function with arguments:  
ERROR: The API is unavailable: API unavailable
INFO: Calling a function with arguments: 4 
INFO: The function is executed with the result: 12
INFO: Calling a function with arguments: ['USD', 'EUR', 'GBP', 'NNZ'] url=https://www.cbr-xml-daily.ru/daily_json.js
INFO: The function is executed with the result: USD=76.8084 EUR=89.4267 GBP=102.2473 NNZ=Код валюты 'NNZ' не найден.
INFO: Calling a function with arguments: ['USD'] 
ERROR: The API is unavailable: Connection failed
INFO: Calling a function with arguments: ['USD', 'XYZ', 'EUR'] 
INFO: The function is executed with the result: USD=75.5 XYZ=Код валюты 'XYZ' не найден. EUR=85.3
INFO: Calling a function with arguments: ['USD', 'EUR', 'GBP'] 
INFO: The function is executed with the result: USD=75.5 EUR=85.3 GBP=95.7
INFO: Calling a function with arguments: ['USD'] url=invalid_url
ERROR: Error when requesting the API: Invalid URL 'invalid_url': No scheme supplied. Perhaps you meant https://invalid_url?
INFO: Calling a function with arguments: ['USD'] 
INFO: The function is executed with the result: 
INFO: Calling a function with arguments: ['USD'] 
INFO: The function is executed with the result: USD=75.5
INFO: Calling a function with arguments:  
ERROR: The API is unavailable: API unavailable
INFO: Calling a function with arguments: 4 
INFO: The function is executed with the result: 12
INFO: Calling a function with arguments: ['USD', 'EUR', 'GBP', 'NNZ'] url=https://www.cbr-xml-daily.ru/daily_json.js
INFO: The function is executed with the result: USD=79.7296 EUR=93.5626 GBP=107.1167 NNZ=Код валюты 'NNZ' не найден.
INFO: Calling a function with arguments: ['USD', 'EUR', 'RUB', 'GBP', 'JPY', 'CHF', 'CNY', 'AUD', 'CAD', 'INR'] url=https://www.cbr-xml-daily.ru/daily_json.js
INFO: The function is executed with the result: USD=79.7296 EUR=93.5626 RUB=Код валюты 'RUB' не найден. GBP=107.1167 JPY=51.2138 CHF=100.314 CNY=11.2726 AUD=53.1079 CAD=57.8841 INR=88.2079
INFO: Calling a function with arguments: ['USD', 'EUR', 'RUB', 'GBP', 'JPY', 'CHF', 'CNY', 'AUD', 'CAD', 'INR'] url=https://www.cbr-xml-daily.ru/daily_json.js
INFO: The function is executed with the result: USD=79.3146 EUR=92.8621 RUB=Код валюты 'RUB' не найден. GBP=105.9802 JPY=50.3169 CHF=99.968 CNY=11.2308 AUD=52.5697 CAD=57.5536 INR=88.5734
INFO: Calling a function with arguments: ['USD', 'EUR', 'RUB', 'GBP', 'JPY', 'CHF', 'CNY', 'AUD', 'CAD', 'INR'] url=https://www.cbr-xml-daily.ru/daily_json.js
INFO: The function is executed with the result: USD=79.3146 EUR=92.8621 RUB=Код валюты 'RUB' не найден. GBP=105.9802 JPY=50.3169 CHF=99.968 CNY=11.2308 AUD=52.5697 CAD=57.5536 INR=88.5734
INFO: Calling a function with arguments: 1 4 3 
INFO: The function is executed with the result: (-1.0, -3.0)
INFO: Calling a function with arguments: 1 2 5 
WARNING: Warning discriminant is negative: the equation does not exist
INFO: Calling a function with arguments: 1 4 3 
INFO: The function is executed with the result: (-1.0, -3.0)
INFO: Calling a function with arguments: 1 2 5 
WARNING: Warning discriminant is negative: the equation does not exist
INFO: Calling a function with arguments: 1 4 3 
INFO: The function is executed with the result: (-1.0, -3.0)
INFO: Calling a function with arguments: 1 2 5 
WARNING: Warning discriminant is negative: the equation does not exist
INFO: Calling a function with arguments: 1 4 3 
INFO: The function is executed with the result: (-1.0, -3.0)
INFO: Calling a function with arguments: 1 2 5 
WARNING: Warning discriminant is negative: the equation does not exist
INFO: Calling a function with arguments: gs 2 5 
ERROR: Unexpected error: Coefficient 'a' must be numeric
INFO: Calling a function with arguments: 0 0 0 
ERROR: Unexpected error: a cannot be zero
INFO: Calling a function with arguments: 1 4 3 
INFO: The function is executed with the result: (-1.0, -3.0)
INFO: Calling a function with arguments: 1 2 5 
WARNING: Warning discriminant is negative: the equation does not exist
INFO: Calling a function with arguments: gs 2 5 
ERROR: Unexpected error: Coefficient 'a' must be numeric
INFO: Calling a function with arguments: 0 0 0 
CRITICAL: Error the equation does not exist: a and b cannot be zero
INFO: Calling a function with arguments: ['USD', 'XYZ', 'EUR'] url=https://www.cbr-xml-daily.ru/daily_json.js
INFO: The function is executed with the result: USD=79.3146 XYZ=РљРѕРґ РІР°Р»СЋС‚С‹ 'XYZ' РЅРµ РЅР°Р№РґРµРЅ. EUR=92.8621
INFO: Calling a function with arguments: ['USD'] 
ERROR: The API is unavailable: Connection failed
INFO: Calling a function with arguments: ['USD', 'XYZ', 'EUR'] 
INFO: The function is executed with the result: USD=75.5 XYZ=РљРѕРґ РІР°Р»СЋС‚С‹ 'XYZ' РЅРµ РЅР°Р№РґРµРЅ. EUR=85.3
INFO: Calling a function with arguments: ['USD', 'EUR', 'GBP'] 
INFO: The function is executed with the result: USD=75.5 EUR=85.3 GBP=95.7
INFO: Calling a function with arguments: ['USD'] url=invalid_url
ERROR: Error when requesting the API: Invalid URL 'invalid_url': No scheme supplied. Perhaps you meant https://invalid_url?
INFO: Calling a function with arguments: ['USD'] 
INFO: The function is executed with the result: 
INFO: Calling a function with arguments: ['USD'] 
INFO: The function is executed with the result: USD=75.5
INFO: Calling a function with arguments:  
ERROR: The API is unavailable: API unavailable
INFO: Calling a function with arguments: 4 
INFO: The function is executed with the result: 12
